# Image Update Log - 2025-06-29T13:51:31.999Z

[2025-06-29T13:51:32.008Z] 🔍 Starting image reference update...
[2025-06-29T13:51:32.018Z] Current working directory: C:\Users\sahil\Desktop\Portfolio\sahil-portfolio
[2025-06-29T13:51:32.021Z] Looking for optimized images in: C:\Users\sahil\Desktop\Portfolio\sahil-portfolio\public\optimized-images
[2025-06-29T13:51:32.025Z] Looking for optimized images in: C:\Users\sahil\Desktop\Portfolio\sahil-portfolio\public\optimized-images
[2025-06-29T13:51:32.062Z] Found 8 files matching: public/optimized-images/**/*.{jpg,jpeg,png,webp,gif,avif}
[2025-06-29T13:51:32.066Z]   Found: apple-touch-icon.webp -> /optimized-images/apple-touch-icon.webp (webp)
[2025-06-29T13:51:32.069Z]   Found: apple-touch-icon.png -> /optimized-images/apple-touch-icon.png (png)
[2025-06-29T13:51:32.072Z]   Found: apple-touch-icon.avif -> /optimized-images/apple-touch-icon.avif (avif)
[2025-06-29T13:51:32.075Z]   Found: images\logo192.webp -> /optimized-images/images/logo192.webp (webp)
[2025-06-29T13:51:32.079Z]   Found: images\logo192.png -> /optimized-images/images/logo192.png (png)
[2025-06-29T13:51:32.083Z]   Found: images\logo192.avif -> /optimized-images/images/logo192.avif (avif)
[2025-06-29T13:51:32.086Z]   Found: images\projects\Mahira Portfolio Web+AI\Project7 Cover.webp -> /optimized-images/images/projects/Mahira Portfolio Web+AI/Project7 Cover.webp (webp)
[2025-06-29T13:51:32.089Z]   Found: images\projects\Mahira Portfolio Web+AI\Project7 Cover.avif -> /optimized-images/images/projects/Mahira Portfolio Web+AI/Project7 Cover.avif (avif)
[2025-06-29T13:51:32.091Z] Found 8 unique original images with optimized versions
[2025-06-29T13:51:32.114Z] Found 94 source files to process
[2025-06-29T13:51:32.118Z] 
Processing file: C:\Users\sahil\Desktop\Portfolio\sahil-portfolio\src\vite-env.d.ts
[2025-06-29T13:51:32.124Z] Found 6 valid image references in C:\Users\sahil\Desktop\Portfolio\sahil-portfolio\src\vite-env.d.ts:
[2025-06-29T13:51:32.126Z]   - *.png
[2025-06-29T13:51:32.129Z]   - *.jpg
[2025-06-29T13:51:32.132Z]   - *.jpeg
[2025-06-29T13:51:32.134Z]   - *.gif
[2025-06-29T13:51:32.137Z]   - *.webp
[2025-06-29T13:51:32.139Z]   - *.avif
[2025-06-29T13:51:32.142Z] Found 6 unique image references
[2025-06-29T13:51:32.144Z] Looking for optimized versions of: *.png
[2025-06-29T13:51:32.147Z] No optimized versions found for: *.png
[2025-06-29T13:51:32.149Z] Looking for optimized versions of: *.jpg
[2025-06-29T13:51:32.152Z] No optimized versions found for: *.jpg
[2025-06-29T13:51:32.154Z] Looking for optimized versions of: *.jpeg
[2025-06-29T13:51:32.157Z] No optimized versions found for: *.jpeg
[2025-06-29T13:51:32.159Z] Looking for optimized versions of: *.gif
[2025-06-29T13:51:32.161Z] No optimized versions found for: *.gif
[2025-06-29T13:51:32.164Z] Looking for optimized versions of: *.webp
[2025-06-29T13:51:32.166Z] No optimized versions found for: *.webp
[2025-06-29T13:51:32.169Z] Looking for optimized versions of: *.avif
[2025-06-29T13:51:32.172Z] No optimized versions found for: *.avif
[2025-06-29T13:51:32.175Z] No updates needed for: C:\Users\sahil\Desktop\Portfolio\sahil-portfolio\src\vite-env.d.ts
[2025-06-29T13:51:32.177Z] 
Processing file: C:\Users\sahil\Desktop\Portfolio\sahil-portfolio\src\pwa.jsx
[2025-06-29T13:51:32.183Z] No valid image references found in: C:\Users\sahil\Desktop\Portfolio\sahil-portfolio\src\pwa.jsx
[2025-06-29T13:51:32.186Z] 
Processing file: C:\Users\sahil\Desktop\Portfolio\sahil-portfolio\src\main.jsx
[2025-06-29T13:51:32.190Z] No valid image references found in: C:\Users\sahil\Desktop\Portfolio\sahil-portfolio\src\main.jsx
[2025-06-29T13:51:32.193Z] 
Processing file: C:\Users\sahil\Desktop\Portfolio\sahil-portfolio\src\App.tsx
[2025-06-29T13:51:32.197Z] No valid image references found in: C:\Users\sahil\Desktop\Portfolio\sahil-portfolio\src\App.tsx
[2025-06-29T13:51:32.199Z] 
Processing file: C:\Users\sahil\Desktop\Portfolio\sahil-portfolio\src\__tests__\example.test.js
[2025-06-29T13:51:32.204Z] No valid image references found in: C:\Users\sahil\Desktop\Portfolio\sahil-portfolio\src\__tests__\example.test.js
[2025-06-29T13:51:32.206Z] 
Processing file: C:\Users\sahil\Desktop\Portfolio\sahil-portfolio\src\utils\projectData.js
[2025-06-29T13:51:32.210Z] Found 16 valid image references in C:\Users\sahil\Desktop\Portfolio\sahil-portfolio\src\utils\projectData.js:
[2025-06-29T13:51:32.213Z]   - zometo-ds.avif
[2025-06-29T13:51:32.215Z]   - zt1.avif
[2025-06-29T13:51:32.218Z]   - zt2.avif
[2025-06-29T13:51:32.220Z]   - bs-saleVSpft.avif
[2025-06-29T13:51:32.223Z]   - bs-stockTO.avif
[2025-06-29T13:51:32.225Z]   - bs-top10.avif
[2025-06-29T13:51:32.228Z]   - bs2.avif
[2025-06-29T13:51:32.230Z]   - bs3.avif
[2025-06-29T13:51:32.232Z]   - Store_POWERBI1.avif
[2025-06-29T13:51:32.234Z]   - CashFlow1.avif
[2025-06-29T13:51:32.237Z]   - CashFlow2.avif
[2025-06-29T13:51:32.239Z]   - Attendance.avif
[2025-06-29T13:51:32.241Z]   - Attendance_after.avif
[2025-06-29T13:51:32.243Z]   - analysis.jpg
[2025-06-29T13:51:32.245Z]   - dashboard.jpg
[2025-06-29T13:51:32.247Z]   - insights.jpg
[2025-06-29T13:51:32.249Z] Found 16 unique image references
[2025-06-29T13:51:32.252Z] Looking for optimized versions of: zometo-ds.avif
[2025-06-29T13:51:32.254Z] No optimized versions found for: zometo-ds.avif
[2025-06-29T13:51:32.257Z] Looking for optimized versions of: zt1.avif
[2025-06-29T13:51:32.259Z] No optimized versions found for: zt1.avif
[2025-06-29T13:51:32.261Z] Looking for optimized versions of: zt2.avif
[2025-06-29T13:51:32.263Z] No optimized versions found for: zt2.avif
[2025-06-29T13:51:32.266Z] Looking for optimized versions of: bs-saleVSpft.avif
[2025-06-29T13:51:32.268Z] No optimized versions found for: bs-saleVSpft.avif
[2025-06-29T13:51:32.270Z] Looking for optimized versions of: bs-stockTO.avif
[2025-06-29T13:51:32.272Z] No optimized versions found for: bs-stockTO.avif
[2025-06-29T13:51:32.274Z] Looking for optimized versions of: bs-top10.avif
[2025-06-29T13:51:32.276Z] No optimized versions found for: bs-top10.avif
[2025-06-29T13:51:32.278Z] Looking for optimized versions of: bs2.avif
[2025-06-29T13:51:32.281Z] No optimized versions found for: bs2.avif
[2025-06-29T13:51:32.283Z] Looking for optimized versions of: bs3.avif
[2025-06-29T13:51:32.285Z] No optimized versions found for: bs3.avif
[2025-06-29T13:51:32.288Z] Looking for optimized versions of: Store_POWERBI1.avif
[2025-06-29T13:51:32.290Z] No optimized versions found for: Store_POWERBI1.avif
[2025-06-29T13:51:32.292Z] Looking for optimized versions of: CashFlow1.avif
[2025-06-29T13:51:32.294Z] No optimized versions found for: CashFlow1.avif
[2025-06-29T13:51:32.296Z] Looking for optimized versions of: CashFlow2.avif
[2025-06-29T13:51:32.298Z] No optimized versions found for: CashFlow2.avif
[2025-06-29T13:51:32.302Z] Looking for optimized versions of: Attendance.avif
[2025-06-29T13:51:32.306Z] No optimized versions found for: Attendance.avif
[2025-06-29T13:51:32.309Z] Looking for optimized versions of: Attendance_after.avif
[2025-06-29T13:51:32.311Z] No optimized versions found for: Attendance_after.avif
[2025-06-29T13:51:32.314Z] Looking for optimized versions of: analysis.jpg
[2025-06-29T13:51:32.317Z] No optimized versions found for: analysis.jpg
[2025-06-29T13:51:32.319Z] Looking for optimized versions of: dashboard.jpg
[2025-06-29T13:51:32.321Z] No optimized versions found for: dashboard.jpg
[2025-06-29T13:51:32.323Z] Looking for optimized versions of: insights.jpg
[2025-06-29T13:51:32.325Z] No optimized versions found for: insights.jpg
[2025-06-29T13:51:32.328Z] No updates needed for: C:\Users\sahil\Desktop\Portfolio\sahil-portfolio\src\utils\projectData.js
[2025-06-29T13:51:32.332Z] 
Processing file: C:\Users\sahil\Desktop\Portfolio\sahil-portfolio\src\utils\performance.js
[2025-06-29T13:51:32.335Z] No valid image references found in: C:\Users\sahil\Desktop\Portfolio\sahil-portfolio\src\utils\performance.js
[2025-06-29T13:51:32.337Z] 
Processing file: C:\Users\sahil\Desktop\Portfolio\sahil-portfolio\src\utils\imageUtils.js
[2025-06-29T13:51:32.341Z] No valid image references found in: C:\Users\sahil\Desktop\Portfolio\sahil-portfolio\src\utils\imageUtils.js
[2025-06-29T13:51:32.343Z] 
Processing file: C:\Users\sahil\Desktop\Portfolio\sahil-portfolio\src\utils\cloudinary.ts
[2025-06-29T13:51:32.347Z] No valid image references found in: C:\Users\sahil\Desktop\Portfolio\sahil-portfolio\src\utils\cloudinary.ts
[2025-06-29T13:51:32.349Z] 
Processing file: C:\Users\sahil\Desktop\Portfolio\sahil-portfolio\src\utils\accessibility.js
[2025-06-29T13:51:32.353Z] No valid image references found in: C:\Users\sahil\Desktop\Portfolio\sahil-portfolio\src\utils\accessibility.js
[2025-06-29T13:51:32.354Z] 
Processing file: C:\Users\sahil\Desktop\Portfolio\sahil-portfolio\src\views\project-detail.html
[2025-06-29T13:51:32.359Z] Found 1 valid image references in C:\Users\sahil\Desktop\Portfolio\sahil-portfolio\src\views\project-detail.html:
[2025-06-29T13:51:32.361Z]   - /assets/images/project1-before.avif
[2025-06-29T13:51:32.363Z] Found 1 unique image references
[2025-06-29T13:51:32.365Z] Looking for optimized versions of: assets/images/project1-before.avif
[2025-06-29T13:51:32.367Z] No optimized versions found for: /assets/images/project1-before.avif
[2025-06-29T13:51:32.370Z] No updates needed for: C:\Users\sahil\Desktop\Portfolio\sahil-portfolio\src\views\project-detail.html
[2025-06-29T13:51:32.372Z] 
Processing file: C:\Users\sahil\Desktop\Portfolio\sahil-portfolio\src\views\header.html
[2025-06-29T13:51:32.375Z] No valid image references found in: C:\Users\sahil\Desktop\Portfolio\sahil-portfolio\src\views\header.html
[2025-06-29T13:51:32.377Z] 
Processing file: C:\Users\sahil\Desktop\Portfolio\sahil-portfolio\src\tests\performance.test.js
[2025-06-29T13:51:32.381Z] No valid image references found in: C:\Users\sahil\Desktop\Portfolio\sahil-portfolio\src\tests\performance.test.js
[2025-06-29T13:51:32.383Z] 
Processing file: C:\Users\sahil\Desktop\Portfolio\sahil-portfolio\src\tests\forms.test.js
[2025-06-29T13:51:32.387Z] No valid image references found in: C:\Users\sahil\Desktop\Portfolio\sahil-portfolio\src\tests\forms.test.js
[2025-06-29T13:51:32.389Z] 
Processing file: C:\Users\sahil\Desktop\Portfolio\sahil-portfolio\src\tests\components.test.js
[2025-06-29T13:51:32.392Z] No valid image references found in: C:\Users\sahil\Desktop\Portfolio\sahil-portfolio\src\tests\components.test.js
[2025-06-29T13:51:32.394Z] 
Processing file: C:\Users\sahil\Desktop\Portfolio\sahil-portfolio\src\tests\accessibility.test.js
[2025-06-29T13:51:32.398Z] No valid image references found in: C:\Users\sahil\Desktop\Portfolio\sahil-portfolio\src\tests\accessibility.test.js
[2025-06-29T13:51:32.401Z] 
Processing file: C:\Users\sahil\Desktop\Portfolio\sahil-portfolio\src\test\simple.test.js
[2025-06-29T13:51:32.404Z] No valid image references found in: C:\Users\sahil\Desktop\Portfolio\sahil-portfolio\src\test\simple.test.js
[2025-06-29T13:51:32.407Z] 
Processing file: C:\Users\sahil\Desktop\Portfolio\sahil-portfolio\src\test\setup.js
[2025-06-29T13:51:32.411Z] No valid image references found in: C:\Users\sahil\Desktop\Portfolio\sahil-portfolio\src\test\setup.js
[2025-06-29T13:51:32.413Z] 
Processing file: C:\Users\sahil\Desktop\Portfolio\sahil-portfolio\src\test\example.test.js
[2025-06-29T13:51:32.417Z] No valid image references found in: C:\Users\sahil\Desktop\Portfolio\sahil-portfolio\src\test\example.test.js
[2025-06-29T13:51:32.419Z] 
Processing file: C:\Users\sahil\Desktop\Portfolio\sahil-portfolio\src\services\sentry.ts
[2025-06-29T13:51:32.423Z] No valid image references found in: C:\Users\sahil\Desktop\Portfolio\sahil-portfolio\src\services\sentry.ts
[2025-06-29T13:51:32.425Z] 
Processing file: C:\Users\sahil\Desktop\Portfolio\sahil-portfolio\src\services\aiService.jsx
[2025-06-29T13:51:32.429Z] No valid image references found in: C:\Users\sahil\Desktop\Portfolio\sahil-portfolio\src\services\aiService.jsx
[2025-06-29T13:51:32.432Z] 
Processing file: C:\Users\sahil\Desktop\Portfolio\sahil-portfolio\src\server\aiService.js
[2025-06-29T13:51:32.435Z] No valid image references found in: C:\Users\sahil\Desktop\Portfolio\sahil-portfolio\src\server\aiService.js
[2025-06-29T13:51:32.438Z] 
Processing file: C:\Users\sahil\Desktop\Portfolio\sahil-portfolio\src\js\project-slider.js
[2025-06-29T13:51:32.441Z] No valid image references found in: C:\Users\sahil\Desktop\Portfolio\sahil-portfolio\src\js\project-slider.js
[2025-06-29T13:51:32.443Z] 
Processing file: C:\Users\sahil\Desktop\Portfolio\sahil-portfolio\src\js\main.js
[2025-06-29T13:51:32.447Z] No valid image references found in: C:\Users\sahil\Desktop\Portfolio\sahil-portfolio\src\js\main.js
[2025-06-29T13:51:32.449Z] 
Processing file: C:\Users\sahil\Desktop\Portfolio\sahil-portfolio\src\js\dark-mode.js
[2025-06-29T13:51:32.453Z] No valid image references found in: C:\Users\sahil\Desktop\Portfolio\sahil-portfolio\src\js\dark-mode.js
[2025-06-29T13:51:32.455Z] 
Processing file: C:\Users\sahil\Desktop\Portfolio\sahil-portfolio\src\js\contact.js
[2025-06-29T13:51:32.459Z] No valid image references found in: C:\Users\sahil\Desktop\Portfolio\sahil-portfolio\src\js\contact.js
[2025-06-29T13:51:32.460Z] 
Processing file: C:\Users\sahil\Desktop\Portfolio\sahil-portfolio\src\js\animations.js
[2025-06-29T13:51:32.464Z] No valid image references found in: C:\Users\sahil\Desktop\Portfolio\sahil-portfolio\src\js\animations.js
[2025-06-29T13:51:32.465Z] 
Processing file: C:\Users\sahil\Desktop\Portfolio\sahil-portfolio\src\js\analytics.js
[2025-06-29T13:51:32.470Z] No valid image references found in: C:\Users\sahil\Desktop\Portfolio\sahil-portfolio\src\js\analytics.js
[2025-06-29T13:51:32.472Z] 
Processing file: C:\Users\sahil\Desktop\Portfolio\sahil-portfolio\src\hooks\useScrollPosition.js
[2025-06-29T13:51:32.476Z] No valid image references found in: C:\Users\sahil\Desktop\Portfolio\sahil-portfolio\src\hooks\useScrollPosition.js
[2025-06-29T13:51:32.478Z] 
Processing file: C:\Users\sahil\Desktop\Portfolio\sahil-portfolio\src\hooks\useFetch.js
[2025-06-29T13:51:32.482Z] No valid image references found in: C:\Users\sahil\Desktop\Portfolio\sahil-portfolio\src\hooks\useFetch.js
[2025-06-29T13:51:32.485Z] 
Processing file: C:\Users\sahil\Desktop\Portfolio\sahil-portfolio\src\hooks\useDarkMode.js
[2025-06-29T13:51:32.489Z] No valid image references found in: C:\Users\sahil\Desktop\Portfolio\sahil-portfolio\src\hooks\useDarkMode.js
[2025-06-29T13:51:32.491Z] 
Processing file: C:\Users\sahil\Desktop\Portfolio\sahil-portfolio\src\hooks\useAIAssistant.js
[2025-06-29T13:51:32.496Z] No valid image references found in: C:\Users\sahil\Desktop\Portfolio\sahil-portfolio\src\hooks\useAIAssistant.js
[2025-06-29T13:51:32.498Z] 
Processing file: C:\Users\sahil\Desktop\Portfolio\sahil-portfolio\src\hooks\useAccessibility.js
[2025-06-29T13:51:32.503Z] No valid image references found in: C:\Users\sahil\Desktop\Portfolio\sahil-portfolio\src\hooks\useAccessibility.js
[2025-06-29T13:51:32.505Z] 
Processing file: C:\Users\sahil\Desktop\Portfolio\sahil-portfolio\src\pages\TestRoute.jsx
[2025-06-29T13:51:32.509Z] No valid image references found in: C:\Users\sahil\Desktop\Portfolio\sahil-portfolio\src\pages\TestRoute.jsx
[2025-06-29T13:51:32.511Z] 
Processing file: C:\Users\sahil\Desktop\Portfolio\sahil-portfolio\src\pages\Resume.jsx
[2025-06-29T13:51:32.515Z] No valid image references found in: C:\Users\sahil\Desktop\Portfolio\sahil-portfolio\src\pages\Resume.jsx
[2025-06-29T13:51:32.517Z] 
Processing file: C:\Users\sahil\Desktop\Portfolio\sahil-portfolio\src\pages\Projects.jsx
[2025-06-29T13:51:32.521Z] No valid image references found in: C:\Users\sahil\Desktop\Portfolio\sahil-portfolio\src\pages\Projects.jsx
[2025-06-29T13:51:32.523Z] 
Processing file: C:\Users\sahil\Desktop\Portfolio\sahil-portfolio\src\pages\ProjectDetails.jsx
[2025-06-29T13:51:32.527Z] No valid image references found in: C:\Users\sahil\Desktop\Portfolio\sahil-portfolio\src\pages\ProjectDetails.jsx
[2025-06-29T13:51:32.529Z] 
Processing file: C:\Users\sahil\Desktop\Portfolio\sahil-portfolio\src\pages\NotFound.jsx
[2025-06-29T13:51:32.533Z] No valid image references found in: C:\Users\sahil\Desktop\Portfolio\sahil-portfolio\src\pages\NotFound.jsx
[2025-06-29T13:51:32.535Z] 
Processing file: C:\Users\sahil\Desktop\Portfolio\sahil-portfolio\src\pages\Home.jsx
[2025-06-29T13:51:32.539Z] No valid image references found in: C:\Users\sahil\Desktop\Portfolio\sahil-portfolio\src\pages\Home.jsx
[2025-06-29T13:51:32.540Z] 
Processing file: C:\Users\sahil\Desktop\Portfolio\sahil-portfolio\src\pages\Experience.jsx
[2025-06-29T13:51:32.545Z] No valid image references found in: C:\Users\sahil\Desktop\Portfolio\sahil-portfolio\src\pages\Experience.jsx
[2025-06-29T13:51:32.546Z] 
Processing file: C:\Users\sahil\Desktop\Portfolio\sahil-portfolio\src\pages\Contact.jsx
[2025-06-29T13:51:32.550Z] No valid image references found in: C:\Users\sahil\Desktop\Portfolio\sahil-portfolio\src\pages\Contact.jsx
[2025-06-29T13:51:32.552Z] 
Processing file: C:\Users\sahil\Desktop\Portfolio\sahil-portfolio\src\pages\About.jsx
[2025-06-29T13:51:32.555Z] Found 1 valid image references in C:\Users\sahil\Desktop\Portfolio\sahil-portfolio\src\pages\About.jsx:
[2025-06-29T13:51:32.557Z]   - /images/profile.avif
[2025-06-29T13:51:32.559Z] Found 1 unique image references
[2025-06-29T13:51:32.561Z] Looking for optimized versions of: images/profile.avif
[2025-06-29T13:51:32.563Z] No optimized versions found for: /images/profile.avif
[2025-06-29T13:51:32.565Z] No updates needed for: C:\Users\sahil\Desktop\Portfolio\sahil-portfolio\src\pages\About.jsx
[2025-06-29T13:51:32.568Z] 
Processing file: C:\Users\sahil\Desktop\Portfolio\sahil-portfolio\src\pages\About-backup.jsx
[2025-06-29T13:51:32.571Z] Found 1 valid image references in C:\Users\sahil\Desktop\Portfolio\sahil-portfolio\src\pages\About-backup.jsx:
[2025-06-29T13:51:32.573Z]   - /images/profile.avif
[2025-06-29T13:51:32.575Z] Found 1 unique image references
[2025-06-29T13:51:32.577Z] Looking for optimized versions of: images/profile.avif
[2025-06-29T13:51:32.579Z] No optimized versions found for: /images/profile.avif
[2025-06-29T13:51:32.580Z] No updates needed for: C:\Users\sahil\Desktop\Portfolio\sahil-portfolio\src\pages\About-backup.jsx
[2025-06-29T13:51:32.582Z] 
Processing file: C:\Users\sahil\Desktop\Portfolio\sahil-portfolio\src\data\testimonials.json
[2025-06-29T13:51:32.586Z] No valid image references found in: C:\Users\sahil\Desktop\Portfolio\sahil-portfolio\src\data\testimonials.json
[2025-06-29T13:51:32.588Z] 
Processing file: C:\Users\sahil\Desktop\Portfolio\sahil-portfolio\src\data\skills.json
[2025-06-29T13:51:32.591Z] No valid image references found in: C:\Users\sahil\Desktop\Portfolio\sahil-portfolio\src\data\skills.json
[2025-06-29T13:51:32.592Z] 
Processing file: C:\Users\sahil\Desktop\Portfolio\sahil-portfolio\src\data\projects.json
[2025-06-29T13:51:32.596Z] Found 2 valid image references in C:\Users\sahil\Desktop\Portfolio\sahil-portfolio\src\data\projects.json:
[2025-06-29T13:51:32.597Z]   - /assets/images/project1-before.avif
[2025-06-29T13:51:32.599Z]   - /assets/images/project1-after.avif
[2025-06-29T13:51:32.601Z] Found 2 unique image references
[2025-06-29T13:51:32.604Z] Looking for optimized versions of: assets/images/project1-before.avif
[2025-06-29T13:51:32.606Z] No optimized versions found for: /assets/images/project1-before.avif
[2025-06-29T13:51:32.608Z] Looking for optimized versions of: assets/images/project1-after.avif
[2025-06-29T13:51:32.610Z] No optimized versions found for: /assets/images/project1-after.avif
[2025-06-29T13:51:32.612Z] No updates needed for: C:\Users\sahil\Desktop\Portfolio\sahil-portfolio\src\data\projects.json
[2025-06-29T13:51:32.614Z] 
Processing file: C:\Users\sahil\Desktop\Portfolio\sahil-portfolio\src\data\projects.js
[2025-06-29T13:51:32.618Z] No valid image references found in: C:\Users\sahil\Desktop\Portfolio\sahil-portfolio\src\data\projects.js
[2025-06-29T13:51:32.619Z] 
Processing file: C:\Users\sahil\Desktop\Portfolio\sahil-portfolio\src\data\experience.json
[2025-06-29T13:51:32.623Z] No valid image references found in: C:\Users\sahil\Desktop\Portfolio\sahil-portfolio\src\data\experience.json
[2025-06-29T13:51:32.624Z] 
Processing file: C:\Users\sahil\Desktop\Portfolio\sahil-portfolio\src\data\education.json
[2025-06-29T13:51:32.627Z] No valid image references found in: C:\Users\sahil\Desktop\Portfolio\sahil-portfolio\src\data\education.json
[2025-06-29T13:51:32.629Z] 
Processing file: C:\Users\sahil\Desktop\Portfolio\sahil-portfolio\src\config\images.js
[2025-06-29T13:51:32.632Z] No valid image references found in: C:\Users\sahil\Desktop\Portfolio\sahil-portfolio\src\config\images.js
[2025-06-29T13:51:32.635Z] 
Processing file: C:\Users\sahil\Desktop\Portfolio\sahil-portfolio\src\context\ThemeContext.jsx
[2025-06-29T13:51:32.638Z] No valid image references found in: C:\Users\sahil\Desktop\Portfolio\sahil-portfolio\src\context\ThemeContext.jsx
[2025-06-29T13:51:32.641Z] 
Processing file: C:\Users\sahil\Desktop\Portfolio\sahil-portfolio\src\context\AIContext.jsx
[2025-06-29T13:51:32.645Z] No valid image references found in: C:\Users\sahil\Desktop\Portfolio\sahil-portfolio\src\context\AIContext.jsx
[2025-06-29T13:51:32.647Z] 
Processing file: C:\Users\sahil\Desktop\Portfolio\sahil-portfolio\src\context\AIAssistantContext.jsx
[2025-06-29T13:51:32.653Z] No valid image references found in: C:\Users\sahil\Desktop\Portfolio\sahil-portfolio\src\context\AIAssistantContext.jsx
[2025-06-29T13:51:32.655Z] 
Processing file: C:\Users\sahil\Desktop\Portfolio\sahil-portfolio\src\components\Typography.jsx
[2025-06-29T13:51:32.659Z] No valid image references found in: C:\Users\sahil\Desktop\Portfolio\sahil-portfolio\src\components\Typography.jsx
[2025-06-29T13:51:32.661Z] 
Processing file: C:\Users\sahil\Desktop\Portfolio\sahil-portfolio\src\components\ThemeToggle.jsx
[2025-06-29T13:51:32.665Z] No valid image references found in: C:\Users\sahil\Desktop\Portfolio\sahil-portfolio\src\components\ThemeToggle.jsx
[2025-06-29T13:51:32.668Z] 
Processing file: C:\Users\sahil\Desktop\Portfolio\sahil-portfolio\src\components\SkillBadge.jsx
[2025-06-29T13:51:32.671Z] No valid image references found in: C:\Users\sahil\Desktop\Portfolio\sahil-portfolio\src\components\SkillBadge.jsx
[2025-06-29T13:51:32.674Z] 
Processing file: C:\Users\sahil\Desktop\Portfolio\sahil-portfolio\src\components\SEO.jsx
[2025-06-29T13:51:32.678Z] Found 1 valid image references in C:\Users\sahil\Desktop\Portfolio\sahil-portfolio\src\components\SEO.jsx:
[2025-06-29T13:51:32.680Z]   - /images/og-default.jpg
[2025-06-29T13:51:32.682Z] Found 1 unique image references
[2025-06-29T13:51:32.685Z] Looking for optimized versions of: images/og-default.jpg
[2025-06-29T13:51:32.687Z] No optimized versions found for: /images/og-default.jpg
[2025-06-29T13:51:32.689Z] No updates needed for: C:\Users\sahil\Desktop\Portfolio\sahil-portfolio\src\components\SEO.jsx
[2025-06-29T13:51:32.691Z] 
Processing file: C:\Users\sahil\Desktop\Portfolio\sahil-portfolio\src\components\ProjectImage.jsx
[2025-06-29T13:51:32.695Z] No valid image references found in: C:\Users\sahil\Desktop\Portfolio\sahil-portfolio\src\components\ProjectImage.jsx
[2025-06-29T13:51:32.698Z] 
Processing file: C:\Users\sahil\Desktop\Portfolio\sahil-portfolio\src\components\ProjectCard.jsx
[2025-06-29T13:51:32.702Z] No valid image references found in: C:\Users\sahil\Desktop\Portfolio\sahil-portfolio\src\components\ProjectCard.jsx
[2025-06-29T13:51:32.704Z] 
Processing file: C:\Users\sahil\Desktop\Portfolio\sahil-portfolio\src\components\Menu.jsx
[2025-06-29T13:51:32.708Z] No valid image references found in: C:\Users\sahil\Desktop\Portfolio\sahil-portfolio\src\components\Menu.jsx
[2025-06-29T13:51:32.710Z] 
Processing file: C:\Users\sahil\Desktop\Portfolio\sahil-portfolio\src\components\LoadingScreen.jsx
[2025-06-29T13:51:32.713Z] No valid image references found in: C:\Users\sahil\Desktop\Portfolio\sahil-portfolio\src\components\LoadingScreen.jsx
[2025-06-29T13:51:32.715Z] 
Processing file: C:\Users\sahil\Desktop\Portfolio\sahil-portfolio\src\components\InstallPrompt.jsx
[2025-06-29T13:51:32.719Z] No valid image references found in: C:\Users\sahil\Desktop\Portfolio\sahil-portfolio\src\components\InstallPrompt.jsx
[2025-06-29T13:51:32.721Z] 
Processing file: C:\Users\sahil\Desktop\Portfolio\sahil-portfolio\src\components\Image.tsx
[2025-06-29T13:51:32.724Z] No valid image references found in: C:\Users\sahil\Desktop\Portfolio\sahil-portfolio\src\components\Image.tsx
[2025-06-29T13:51:32.726Z] 
Processing file: C:\Users\sahil\Desktop\Portfolio\sahil-portfolio\src\components\Header.jsx
[2025-06-29T13:51:32.729Z] No valid image references found in: C:\Users\sahil\Desktop\Portfolio\sahil-portfolio\src\components\Header.jsx
[2025-06-29T13:51:32.731Z] 
Processing file: C:\Users\sahil\Desktop\Portfolio\sahil-portfolio\src\components\Footer.tsx
[2025-06-29T13:51:32.735Z] No valid image references found in: C:\Users\sahil\Desktop\Portfolio\sahil-portfolio\src\components\Footer.tsx
[2025-06-29T13:51:32.737Z] 
Processing file: C:\Users\sahil\Desktop\Portfolio\sahil-portfolio\src\components\ErrorBoundary.tsx
[2025-06-29T13:51:32.740Z] No valid image references found in: C:\Users\sahil\Desktop\Portfolio\sahil-portfolio\src\components\ErrorBoundary.tsx
[2025-06-29T13:51:32.742Z] 
Processing file: C:\Users\sahil\Desktop\Portfolio\sahil-portfolio\src\components\ErrorBoundary.jsx
[2025-06-29T13:51:32.746Z] No valid image references found in: C:\Users\sahil\Desktop\Portfolio\sahil-portfolio\src\components\ErrorBoundary.jsx
[2025-06-29T13:51:32.748Z] 
Processing file: C:\Users\sahil\Desktop\Portfolio\sahil-portfolio\src\components\Analytics.tsx
[2025-06-29T13:51:32.752Z] No valid image references found in: C:\Users\sahil\Desktop\Portfolio\sahil-portfolio\src\components\Analytics.tsx
[2025-06-29T13:51:32.753Z] 
Processing file: C:\Users\sahil\Desktop\Portfolio\sahil-portfolio\src\components\AIAssistant.old.jsx
[2025-06-29T13:51:32.759Z] No valid image references found in: C:\Users\sahil\Desktop\Portfolio\sahil-portfolio\src\components\AIAssistant.old.jsx
[2025-06-29T13:51:32.761Z] 
Processing file: C:\Users\sahil\Desktop\Portfolio\sahil-portfolio\src\components\AIAssistant.jsx
[2025-06-29T13:51:32.764Z] No valid image references found in: C:\Users\sahil\Desktop\Portfolio\sahil-portfolio\src\components\AIAssistant.jsx
[2025-06-29T13:51:32.766Z] 
Processing file: C:\Users\sahil\Desktop\Portfolio\sahil-portfolio\src\js\utils\api.js
[2025-06-29T13:51:32.770Z] No valid image references found in: C:\Users\sahil\Desktop\Portfolio\sahil-portfolio\src\js\utils\api.js
[2025-06-29T13:51:32.771Z] 
Processing file: C:\Users\sahil\Desktop\Portfolio\sahil-portfolio\src\pages\projects\ZomatoAnalysis.jsx
[2025-06-29T13:51:32.775Z] No valid image references found in: C:\Users\sahil\Desktop\Portfolio\sahil-portfolio\src\pages\projects\ZomatoAnalysis.jsx
[2025-06-29T13:51:32.777Z] 
Processing file: C:\Users\sahil\Desktop\Portfolio\sahil-portfolio\src\pages\projects\SnapeSentimentAnalysis.jsx
[2025-06-29T13:51:32.780Z] No valid image references found in: C:\Users\sahil\Desktop\Portfolio\sahil-portfolio\src\pages\projects\SnapeSentimentAnalysis.jsx
[2025-06-29T13:51:32.782Z] 
Processing file: C:\Users\sahil\Desktop\Portfolio\sahil-portfolio\src\pages\projects\RetailCashFlow.jsx
[2025-06-29T13:51:32.787Z] No valid image references found in: C:\Users\sahil\Desktop\Portfolio\sahil-portfolio\src\pages\projects\RetailCashFlow.jsx
[2025-06-29T13:51:32.790Z] 
Processing file: C:\Users\sahil\Desktop\Portfolio\sahil-portfolio\src\pages\projects\ProductSalesDashboard.jsx
[2025-06-29T13:51:32.794Z] No valid image references found in: C:\Users\sahil\Desktop\Portfolio\sahil-portfolio\src\pages\projects\ProductSalesDashboard.jsx
[2025-06-29T13:51:32.796Z] 
Processing file: C:\Users\sahil\Desktop\Portfolio\sahil-portfolio\src\pages\projects\EkamAttendance.jsx
[2025-06-29T13:51:32.800Z] No valid image references found in: C:\Users\sahil\Desktop\Portfolio\sahil-portfolio\src\pages\projects\EkamAttendance.jsx
[2025-06-29T13:51:32.802Z] 
Processing file: C:\Users\sahil\Desktop\Portfolio\sahil-portfolio\src\pages\projects\BansalSupermarket.jsx
[2025-06-29T13:51:32.806Z] No valid image references found in: C:\Users\sahil\Desktop\Portfolio\sahil-portfolio\src\pages\projects\BansalSupermarket.jsx
[2025-06-29T13:51:32.808Z] 
Processing file: C:\Users\sahil\Desktop\Portfolio\sahil-portfolio\src\data\projects\index.js
[2025-06-29T13:51:32.811Z] Found 2 valid image references in C:\Users\sahil\Desktop\Portfolio\sahil-portfolio\src\data\projects\index.js:
[2025-06-29T13:51:32.813Z]   - /images/projects/zomato-analysis.jpg
[2025-06-29T13:51:32.815Z]   - /images/projects/bansal-supermarket.jpg
[2025-06-29T13:51:32.818Z] Found 2 unique image references
[2025-06-29T13:51:32.821Z] Looking for optimized versions of: images/projects/zomato-analysis.jpg
[2025-06-29T13:51:32.823Z] No optimized versions found for: /images/projects/zomato-analysis.jpg
[2025-06-29T13:51:32.825Z] Looking for optimized versions of: images/projects/bansal-supermarket.jpg
[2025-06-29T13:51:32.827Z] No optimized versions found for: /images/projects/bansal-supermarket.jpg
[2025-06-29T13:51:32.829Z] No updates needed for: C:\Users\sahil\Desktop\Portfolio\sahil-portfolio\src\data\projects\index.js
[2025-06-29T13:51:32.831Z] 
Processing file: C:\Users\sahil\Desktop\Portfolio\sahil-portfolio\src\components\seo\DocumentHead.jsx
[2025-06-29T13:51:32.835Z] No valid image references found in: C:\Users\sahil\Desktop\Portfolio\sahil-portfolio\src\components\seo\DocumentHead.jsx
[2025-06-29T13:51:32.837Z] 
Processing file: C:\Users\sahil\Desktop\Portfolio\sahil-portfolio\src\components\performance\PerformanceMonitor.jsx
[2025-06-29T13:51:32.840Z] No valid image references found in: C:\Users\sahil\Desktop\Portfolio\sahil-portfolio\src\components\performance\PerformanceMonitor.jsx
[2025-06-29T13:51:32.842Z] 
Processing file: C:\Users\sahil\Desktop\Portfolio\sahil-portfolio\src\components\ModernNavbar\ModernNavbar.jsx
[2025-06-29T13:51:32.846Z] Found 1 valid image references in C:\Users\sahil\Desktop\Portfolio\sahil-portfolio\src\components\ModernNavbar\ModernNavbar.jsx:
[2025-06-29T13:51:32.847Z]   - /logo192.png
[2025-06-29T13:51:32.849Z] Found 1 unique image references
[2025-06-29T13:51:32.852Z] Looking for optimized versions of: logo192.png
[2025-06-29T13:51:32.854Z] Found 1 optimized versions using path variation: images\logo192.png
[2025-06-29T13:51:32.855Z] Found 1 optimized versions for /logo192.png
[2025-06-29T13:51:32.863Z] ✅ Updated: C:\Users\sahil\Desktop\Portfolio\sahil-portfolio\src\components\ModernNavbar\ModernNavbar.jsx (backup saved to C:\Users\sahil\Desktop\Portfolio\sahil-portfolio\src\components\ModernNavbar\ModernNavbar.jsx.bak)
[2025-06-29T13:51:32.866Z] 
Processing file: C:\Users\sahil\Desktop\Portfolio\sahil-portfolio\src\components\ModernNavbar\index.js
[2025-06-29T13:51:32.870Z] No valid image references found in: C:\Users\sahil\Desktop\Portfolio\sahil-portfolio\src\components\ModernNavbar\index.js
[2025-06-29T13:51:32.871Z] 
Processing file: C:\Users\sahil\Desktop\Portfolio\sahil-portfolio\src\components\media\ResponsiveImage.jsx
[2025-06-29T13:51:32.875Z] No valid image references found in: C:\Users\sahil\Desktop\Portfolio\sahil-portfolio\src\components\media\ResponsiveImage.jsx
[2025-06-29T13:51:32.881Z] 
Processing file: C:\Users\sahil\Desktop\Portfolio\sahil-portfolio\src\components\error\ErrorBoundary.jsx
[2025-06-29T13:51:32.885Z] No valid image references found in: C:\Users\sahil\Desktop\Portfolio\sahil-portfolio\src\components\error\ErrorBoundary.jsx
[2025-06-29T13:51:32.887Z] 
Processing file: C:\Users\sahil\Desktop\Portfolio\sahil-portfolio\src\components\accessibility\SemanticHeadings.jsx
[2025-06-29T13:51:32.890Z] No valid image references found in: C:\Users\sahil\Desktop\Portfolio\sahil-portfolio\src\components\accessibility\SemanticHeadings.jsx
[2025-06-29T13:51:32.892Z] 
Processing file: C:\Users\sahil\Desktop\Portfolio\sahil-portfolio\src\components\accessibility\AccessibleLink.jsx
[2025-06-29T13:51:32.896Z] No valid image references found in: C:\Users\sahil\Desktop\Portfolio\sahil-portfolio\src\components\accessibility\AccessibleLink.jsx
[2025-06-29T13:51:32.898Z] 
Processing file: C:\Users\sahil\Desktop\Portfolio\sahil-portfolio\src\components\accessibility\AccessibleButton.jsx
[2025-06-29T13:51:32.901Z] No valid image references found in: C:\Users\sahil\Desktop\Portfolio\sahil-portfolio\src\components\accessibility\AccessibleButton.jsx
[2025-06-29T13:51:32.903Z] 
Processing file: C:\Users\sahil\Desktop\Portfolio\sahil-portfolio\src\components\AIAssistant\AIAssistant.jsx
[2025-06-29T13:51:32.907Z] Found 1 valid image references in C:\Users\sahil\Desktop\Portfolio\sahil-portfolio\src\components\AIAssistant\AIAssistant.jsx:
[2025-06-29T13:51:32.909Z]   - .pdf,.doc,.docx,.xls,.xlsx,.jpg,.jpeg,.png
[2025-06-29T13:51:32.911Z] Found 1 unique image references
[2025-06-29T13:51:32.913Z] Looking for optimized versions of: .pdf,.doc,.docx,.xls,.xlsx,.jpg,.jpeg,.png
[2025-06-29T13:51:32.915Z] No optimized versions found for: .pdf,.doc,.docx,.xls,.xlsx,.jpg,.jpeg,.png
[2025-06-29T13:51:32.918Z] No updates needed for: C:\Users\sahil\Desktop\Portfolio\sahil-portfolio\src\components\AIAssistant\AIAssistant.jsx
[2025-06-29T13:51:32.920Z] 
Processing file: C:\Users\sahil\Desktop\Portfolio\sahil-portfolio\public\sw.js
[2025-06-29T13:51:32.924Z] Found 3 valid image references in C:\Users\sahil\Desktop\Portfolio\sahil-portfolio\public\sw.js:
[2025-06-29T13:51:32.926Z]   - /Sahil-Portfolio/logo192.png
[2025-06-29T13:51:32.929Z]   - /Sahil-Portfolio/apple-touch-icon.png
[2025-06-29T13:51:32.931Z]   - /Sahil-Portfolio/logo512.png
[2025-06-29T13:51:32.933Z] Found 3 unique image references
[2025-06-29T13:51:32.936Z] Looking for optimized versions of: Sahil-Portfolio/logo192.png
[2025-06-29T13:51:32.938Z] Found 1 optimized versions using path variation: images\logo192.png
[2025-06-29T13:51:32.940Z] Found 1 optimized versions for /Sahil-Portfolio/logo192.png
[2025-06-29T13:51:32.943Z] Looking for optimized versions of: Sahil-Portfolio/apple-touch-icon.png
[2025-06-29T13:51:32.945Z] Found 1 optimized versions using path variation: apple-touch-icon.png
[2025-06-29T13:51:32.948Z] Found 1 optimized versions for /Sahil-Portfolio/apple-touch-icon.png
[2025-06-29T13:51:32.951Z] Looking for optimized versions of: Sahil-Portfolio/logo512.png
[2025-06-29T13:51:32.953Z] No optimized versions found for: /Sahil-Portfolio/logo512.png
[2025-06-29T13:51:32.961Z] ✅ Updated: C:\Users\sahil\Desktop\Portfolio\sahil-portfolio\public\sw.js (backup saved to C:\Users\sahil\Desktop\Portfolio\sahil-portfolio\public\sw.js.bak)
[2025-06-29T13:51:32.963Z] 
Processing file: C:\Users\sahil\Desktop\Portfolio\sahil-portfolio\public\service-worker.js
[2025-06-29T13:51:32.968Z] No valid image references found in: C:\Users\sahil\Desktop\Portfolio\sahil-portfolio\public\service-worker.js
[2025-06-29T13:51:32.971Z] 
Processing file: C:\Users\sahil\Desktop\Portfolio\sahil-portfolio\public\offline.html
[2025-06-29T13:51:32.975Z] No valid image references found in: C:\Users\sahil\Desktop\Portfolio\sahil-portfolio\public\offline.html
[2025-06-29T13:51:32.976Z] 
Processing file: C:\Users\sahil\Desktop\Portfolio\sahil-portfolio\public\manifest.json
[2025-06-29T13:51:32.980Z] Found 3 valid image references in C:\Users\sahil\Desktop\Portfolio\sahil-portfolio\public\manifest.json:
[2025-06-29T13:51:32.982Z]   - /Sahil-Portfolio/logo192.png
[2025-06-29T13:51:32.984Z]   - /Sahil-Portfolio/apple-touch-icon.png
[2025-06-29T13:51:32.986Z]   - /Sahil-Portfolio/logo512.png
[2025-06-29T13:51:32.988Z] Found 3 unique image references
[2025-06-29T13:51:32.990Z] Looking for optimized versions of: Sahil-Portfolio/logo192.png
[2025-06-29T13:51:32.991Z] Found 1 optimized versions using path variation: images\logo192.png
[2025-06-29T13:51:32.993Z] Found 1 optimized versions for /Sahil-Portfolio/logo192.png
[2025-06-29T13:51:32.995Z] Looking for optimized versions of: Sahil-Portfolio/apple-touch-icon.png
[2025-06-29T13:51:32.997Z] Found 1 optimized versions using path variation: apple-touch-icon.png
[2025-06-29T13:51:32.999Z] Found 1 optimized versions for /Sahil-Portfolio/apple-touch-icon.png
[2025-06-29T13:51:33.001Z] Looking for optimized versions of: Sahil-Portfolio/logo512.png
[2025-06-29T13:51:33.003Z] No optimized versions found for: /Sahil-Portfolio/logo512.png
[2025-06-29T13:51:33.008Z] ✅ Updated: C:\Users\sahil\Desktop\Portfolio\sahil-portfolio\public\manifest.json (backup saved to C:\Users\sahil\Desktop\Portfolio\sahil-portfolio\public\manifest.json.bak)
[2025-06-29T13:51:33.010Z] 
Processing file: C:\Users\sahil\Desktop\Portfolio\sahil-portfolio\public\about.html
[2025-06-29T13:51:33.014Z] Found 2 valid image references in C:\Users\sahil\Desktop\Portfolio\sahil-portfolio\public\about.html:
[2025-06-29T13:51:33.016Z]   - /logo192.png
[2025-06-29T13:51:33.018Z]   - /images/profile.avif
[2025-06-29T13:51:33.020Z] Found 2 unique image references
[2025-06-29T13:51:33.022Z] Looking for optimized versions of: logo192.png
[2025-06-29T13:51:33.024Z] Found 1 optimized versions using path variation: images\logo192.png
[2025-06-29T13:51:33.026Z] Found 1 optimized versions for /logo192.png
[2025-06-29T13:51:33.028Z] Looking for optimized versions of: images/profile.avif
[2025-06-29T13:51:33.030Z] No optimized versions found for: /images/profile.avif
[2025-06-29T13:51:33.038Z] ✅ Updated: C:\Users\sahil\Desktop\Portfolio\sahil-portfolio\public\about.html (backup saved to C:\Users\sahil\Desktop\Portfolio\sahil-portfolio\public\about.html.bak)
[2025-06-29T13:51:33.039Z] 
Processing file: C:\Users\sahil\Desktop\Portfolio\sahil-portfolio\public\404.html
[2025-06-29T13:51:33.043Z] No valid image references found in: C:\Users\sahil\Desktop\Portfolio\sahil-portfolio\public\404.html
[2025-06-29T13:51:33.044Z] 
✅ Update complete!
[2025-06-29T13:51:33.046Z] 📊 Summary:
[2025-06-29T13:51:33.049Z]    📄 Files processed: 4
[2025-06-29T13:51:33.051Z]    🖼️  Images updated: 6
[2025-06-29T13:51:33.054Z]    ⏭️  Images skipped: 34
[2025-06-29T13:51:33.056Z] 
💡 Check the log file for details: C:\Users\sahil\Desktop\Portfolio\sahil-portfolio\image-update-simple.log
